<?xml version="1.0" encoding="UTF-8"?>
<!-- Generated by org.testng.reporters.JUnitXMLReporter -->
<testsuite ignored="0" hostname="DESKTOP-9CSA0IA" failures="0" tests="9" name="Variant 2" time="10.709" errors="0" timestamp="2023-06-26T21:53:20 MSK">
  <testcase classname="JetBrainsTests" name="cookieTextCheckTest" time="2.689"/>
  <testcase classname="JetBrainsTests" name="imageSizeCheckTest" time="1.963"/>
  <testcase classname="JetBrainsTests" name="videoTitleCheckTest" time="1.865"/>
  <testcase classname="NumberTest" name="testNumberGreaterThanZero" time="0.001"/>
  <testcase classname="NumberTest" name="testNumberGreaterThanZero" time="0.0"/>
  <testcase classname="NumberTest" name="testNumberGreaterThanZero" time="0.0"/>
  <testcase classname="NumberTest" name="testNumberGreaterThanZero" time="0.0"/>
  <testcase classname="StringLengthTest" name="testStringLength" time="0.001"/>
  <testcase classname="StringLengthTest" name="testStringLength" time="0.0"/>
</testsuite> <!-- Variant 2 -->
