<?xml version="1.0" encoding="UTF-8"?>
<!-- Generated by org.testng.reporters.JUnitXMLReporter -->
<testsuite ignored="0" hostname="DESKTOP-9CSA0IA" failures="0" tests="9" name="Tests for Variant 2" time="11.289" errors="0" timestamp="2023-06-26T21:50:19 MSK">
  <testcase classname="JetBrainsTests" name="cookieTextCheckTest" time="2.714"/>
  <testcase classname="JetBrainsTests" name="imageSizeCheckTest" time="2.034"/>
  <testcase classname="JetBrainsTests" name="videoTitleCheckTest" time="1.801"/>
  <testcase classname="NumberTest" name="testNumberGreaterThanZero" time="0.0"/>
  <testcase classname="NumberTest" name="testNumberGreaterThanZero" time="0.0"/>
  <testcase classname="NumberTest" name="testNumberGreaterThanZero" time="0.0"/>
  <testcase classname="NumberTest" name="testNumberGreaterThanZero" time="0.0"/>
  <testcase classname="StringLengthTest" name="testStringLength" time="0.0"/>
  <testcase classname="StringLengthTest" name="testStringLength" time="0.001"/>
</testsuite> <!-- Tests for Variant 2 -->
