<?xml version="1.0" encoding="UTF-8"?>
<testng-results ignored="0" total="9" passed="9" failed="0" skipped="0">
  <reporter-output>
  </reporter-output>
  <suite started-at="2023-06-26T21:53:09 MSK" name="QA Suite" finished-at="2023-06-26T21:53:20 MSK" duration-ms="10709">
    <groups>
    </groups>
    <test started-at="2023-06-26T21:53:09 MSK" name="Variant 2" finished-at="2023-06-26T21:53:20 MSK" duration-ms="10709">
      <class name="JetBrainsTests">
        <test-method is-config="true" signature="downloadDriver()[pri:0, instance:JetBrainsTests@449a4f23]" started-at="2023-06-26T21:53:09 MSK" name="downloadDriver" finished-at="2023-06-26T21:53:09 MSK" duration-ms="341" status="PASS">
          <reporter-output>
          </reporter-output>
        </test-method> <!-- downloadDriver -->
        <test-method is-config="true" signature="startBrowser()[pri:0, instance:JetBrainsTests@449a4f23]" started-at="2023-06-26T21:53:09 MSK" name="startBrowser" finished-at="2023-06-26T21:53:11 MSK" duration-ms="1659" status="PASS">
          <reporter-output>
          </reporter-output>
        </test-method> <!-- startBrowser -->
        <test-method signature="cookieTextCheckTest()[pri:0, instance:JetBrainsTests@449a4f23]" started-at="2023-06-26T21:53:11 MSK" name="cookieTextCheckTest" finished-at="2023-06-26T21:53:14 MSK" duration-ms="2689" status="PASS">
          <reporter-output>
          </reporter-output>
        </test-method> <!-- cookieTextCheckTest -->
        <test-method is-config="true" signature="closeDriver()[pri:0, instance:JetBrainsTests@449a4f23]" started-at="2023-06-26T21:53:14 MSK" name="closeDriver" finished-at="2023-06-26T21:53:14 MSK" duration-ms="93" status="PASS">
          <reporter-output>
          </reporter-output>
        </test-method> <!-- closeDriver -->
        <test-method is-config="true" signature="startBrowser()[pri:0, instance:JetBrainsTests@449a4f23]" started-at="2023-06-26T21:53:14 MSK" name="startBrowser" finished-at="2023-06-26T21:53:15 MSK" duration-ms="1027" status="PASS">
          <reporter-output>
          </reporter-output>
        </test-method> <!-- startBrowser -->
        <test-method signature="imageSizeCheckTest()[pri:0, instance:JetBrainsTests@449a4f23]" started-at="2023-06-26T21:53:15 MSK" name="imageSizeCheckTest" finished-at="2023-06-26T21:53:17 MSK" duration-ms="1963" status="PASS">
          <reporter-output>
          </reporter-output>
        </test-method> <!-- imageSizeCheckTest -->
        <test-method is-config="true" signature="closeDriver()[pri:0, instance:JetBrainsTests@449a4f23]" started-at="2023-06-26T21:53:17 MSK" name="closeDriver" finished-at="2023-06-26T21:53:17 MSK" duration-ms="88" status="PASS">
          <reporter-output>
          </reporter-output>
        </test-method> <!-- closeDriver -->
        <test-method is-config="true" signature="startBrowser()[pri:0, instance:JetBrainsTests@449a4f23]" started-at="2023-06-26T21:53:17 MSK" name="startBrowser" finished-at="2023-06-26T21:53:18 MSK" duration-ms="834" status="PASS">
          <reporter-output>
          </reporter-output>
        </test-method> <!-- startBrowser -->
        <test-method signature="videoTitleCheckTest()[pri:0, instance:JetBrainsTests@449a4f23]" started-at="2023-06-26T21:53:18 MSK" name="videoTitleCheckTest" finished-at="2023-06-26T21:53:19 MSK" duration-ms="1865" status="PASS">
          <reporter-output>
          </reporter-output>
        </test-method> <!-- videoTitleCheckTest -->
        <test-method is-config="true" signature="closeDriver()[pri:0, instance:JetBrainsTests@449a4f23]" started-at="2023-06-26T21:53:19 MSK" name="closeDriver" finished-at="2023-06-26T21:53:20 MSK" duration-ms="101" status="PASS">
          <reporter-output>
          </reporter-output>
        </test-method> <!-- closeDriver -->
      </class> <!-- JetBrainsTests -->
      <class name="NumberTest">
        <test-method signature="testNumberGreaterThanZero(int)[pri:0, instance:NumberTest@8f2ef19]" started-at="2023-06-26T21:53:20 MSK" name="testNumberGreaterThanZero" data-provider="numbers" finished-at="2023-06-26T21:53:20 MSK" duration-ms="1" status="PASS">
          <params>
            <param index="0">
              <value>
                <![CDATA[1]]>
              </value>
            </param>
          </params>
          <reporter-output>
          </reporter-output>
        </test-method> <!-- testNumberGreaterThanZero -->
        <test-method signature="testNumberGreaterThanZero(int)[pri:0, instance:NumberTest@8f2ef19]" started-at="2023-06-26T21:53:20 MSK" name="testNumberGreaterThanZero" data-provider="numbers" finished-at="2023-06-26T21:53:20 MSK" duration-ms="0" status="PASS">
          <params>
            <param index="0">
              <value>
                <![CDATA[3]]>
              </value>
            </param>
          </params>
          <reporter-output>
          </reporter-output>
        </test-method> <!-- testNumberGreaterThanZero -->
        <test-method signature="testNumberGreaterThanZero(int)[pri:0, instance:NumberTest@8f2ef19]" started-at="2023-06-26T21:53:20 MSK" name="testNumberGreaterThanZero" data-provider="numbers" finished-at="2023-06-26T21:53:20 MSK" duration-ms="0" status="PASS">
          <params>
            <param index="0">
              <value>
                <![CDATA[2]]>
              </value>
            </param>
          </params>
          <reporter-output>
          </reporter-output>
        </test-method> <!-- testNumberGreaterThanZero -->
        <test-method signature="testNumberGreaterThanZero(int)[pri:0, instance:NumberTest@8f2ef19]" started-at="2023-06-26T21:53:20 MSK" name="testNumberGreaterThanZero" data-provider="numbers" finished-at="2023-06-26T21:53:20 MSK" duration-ms="0" status="PASS">
          <params>
            <param index="0">
              <value>
                <![CDATA[4]]>
              </value>
            </param>
          </params>
          <reporter-output>
          </reporter-output>
        </test-method> <!-- testNumberGreaterThanZero -->
      </class> <!-- NumberTest -->
      <class name="StringLengthTest">
        <test-method signature="testStringLength(java.lang.String,java.lang.String)[pri:0, instance:StringLengthTest@470734c3]" started-at="2023-06-26T21:53:20 MSK" name="testStringLength" data-provider="stringData" finished-at="2023-06-26T21:53:20 MSK" duration-ms="1" status="PASS">
          <params>
            <param index="0">
              <value>
                <![CDATA[tested]]>
              </value>
            </param>
            <param index="1">
              <value>
                <![CDATA[test]]>
              </value>
            </param>
          </params>
          <reporter-output>
          </reporter-output>
        </test-method> <!-- testStringLength -->
        <test-method signature="testStringLength(java.lang.String,java.lang.String)[pri:0, instance:StringLengthTest@470734c3]" started-at="2023-06-26T21:53:20 MSK" name="testStringLength" data-provider="stringData" finished-at="2023-06-26T21:53:20 MSK" duration-ms="0" status="PASS">
          <params>
            <param index="0">
              <value>
                <![CDATA[testing]]>
              </value>
            </param>
            <param index="1">
              <value>
                <![CDATA[tester]]>
              </value>
            </param>
          </params>
          <reporter-output>
          </reporter-output>
        </test-method> <!-- testStringLength -->
      </class> <!-- StringLengthTest -->
    </test> <!-- Variant 2 -->
  </suite> <!-- QA Suite -->
</testng-results>
